<?xml version="1.0" encoding="UTF-8"?>
<!-- Generated by org.testng.reporters.JUnitXMLReporter -->
<testsuite hostname="WCNJX186009-2PU" name="Default test" tests="4" failures="0" timestamp="7 Nov 2015 09:21:53 GMT" time="28.5" errors="0">
  <testcase name="executeCase" time="0.007" classname="com.xujh.cases.ExecuteCases"/>
  <testcase name="executeCase" time="7.502" classname="com.xujh.cases.ExecuteCases"/>
  <testcase name="executeCase" time="3.99" classname="com.xujh.cases.ExecuteCases"/>
  <testcase name="executeCase" time="4.706" classname="com.xujh.cases.ExecuteCases"/>
</testsuite> <!-- Default test -->
